2025-04-07 15:47:24 - /calendar_project/public/
2025-04-07 15:47:53 - /calendar_project/public/?month=&year=&selected_date=
2025-04-07 15:47:54 - /calendar_project/public/?month=&year=&selected_date=
2025-04-07 15:48:31 - /calendar_project/public/
2025-04-08 17:52:15 - /calendar_project/public/
2025-04-08 17:53:11 - /calendar_project/public/?action=show_services&slot=8%3A00&month=04&year=2025&selected_date=2025-04-08
2025-04-08 17:53:14 - /calendar_project/public/?action=show_services&slot=8%3A00&month=04&year=2025&selected_date=2025-04-08
2025-04-08 17:53:17 - /calendar_project/public/?action=book_service&service_id=1&slot=8%3A00&month=04&year=2025&selected_date=2025-04-08
2025-04-08 17:53:24 - /calendar_project/public/?selected_date=2025-04-08
2025-04-08 17:54:04 - /calendar_project/public/?action=show_services&slot=13%3A00&month=04&year=2025&selected_date=2025-04-08
2025-04-08 17:54:08 - /calendar_project/public/?action=book_service&service_id=4&slot=13%3A00&month=04&year=2025&selected_date=2025-04-08
2025-04-08 17:54:17 - /calendar_project/public/?selected_date=2025-04-08
2025-04-08 20:21:22 - /calendar_project/public/?selected_date=2025-04-08
2025-04-08 20:21:22 - /calendar_project/public/index.php?selected_date=2025-04-08
2025-04-08 20:43:16 - /calendar_project/public/index.php?selected_date=2025-04-08
2025-04-08 20:43:16 - /calendar_project/public/login.php
2025-04-08 20:43:26 - /calendar_project/public/login.php
2025-04-08 20:43:28 - /calendar_project/public/register.php
2025-04-08 20:43:35 - /calendar_project/public/register.php
2025-04-08 20:43:50 - /calendar_project/public/login.php
2025-04-08 20:43:58 - /calendar_project/public/login.php
2025-04-08 20:43:58 - /calendar_project/public/index.php
2025-04-08 20:44:11 - /calendar_project/public/index.php?selected_date=2025-04-15&month=04&year=2025
2025-04-08 20:44:16 - /calendar_project/public/index.php?action=show_services&slot=15%3A45&month=04&year=2025&selected_date=2025-04-15
2025-04-08 20:44:18 - /calendar_project/public/index.php?action=book_service&service_id=1&slot=15%3A45&month=04&year=2025&selected_date=2025-04-15
2025-04-08 20:44:22 - /calendar_project/public/index.php?selected_date=2025-04-15
2025-04-08 20:44:22 - /calendar_project/public/index.php?selected_date=2025-04-15
2025-04-08 20:44:26 - /calendar_project/public/index.php?action=cancel_booking&booking_id=21&month=04&year=2025&selected_date=2025-04-15
2025-04-08 20:44:26 - /calendar_project/public/index.php?selected_date=2025-04-15
2025-04-08 20:44:27 - /calendar_project/public/index.php?action=cancel_booking&booking_id=19&month=04&year=2025&selected_date=2025-04-15
2025-04-08 20:44:27 - /calendar_project/public/index.php?selected_date=2025-04-15
2025-04-08 20:44:30 - /calendar_project/public/index.php?action=cancel_booking&booking_id=19&month=04&year=2025&selected_date=2025-04-15
2025-04-08 20:44:30 - /calendar_project/public/index.php?selected_date=2025-04-15
2025-04-08 20:44:36 - /calendar_project/public/index.php?action=cancel_booking&booking_id=20&month=04&year=2025&selected_date=2025-04-15
2025-04-08 20:44:36 - /calendar_project/public/index.php?selected_date=2025-04-15
2025-04-08 20:44:41 - /calendar_project/public/index.php?action=cancel_booking&booking_id=19&month=04&year=2025&selected_date=2025-04-15
2025-04-08 20:44:41 - /calendar_project/public/index.php?selected_date=2025-04-15
2025-04-08 21:01:39 - /calendar_project/public/index.php?selected_date=2025-04-15
2025-04-08 21:01:43 - /calendar_project/public/logout.php
2025-04-08 21:01:43 - /calendar_project/public/login.php
2025-04-08 21:01:50 - /calendar_project/public/login.php
2025-04-08 21:01:50 - /calendar_project/public/index.php
2025-04-08 21:01:54 - /calendar_project/public/index.php?selected_date=2025-04-08&month=04&year=2025
2025-04-08 21:01:56 - /calendar_project/public/index.php?action=show_services&slot=15%3A45&month=04&year=2025&selected_date=2025-04-08
2025-04-08 21:01:58 - /calendar_project/public/index.php?action=book_service&service_id=5&slot=15%3A45&month=04&year=2025&selected_date=2025-04-08
2025-04-08 21:02:04 - /calendar_project/public/index.php?selected_date=2025-04-08
2025-04-08 21:02:04 - /calendar_project/public/index.php?selected_date=2025-04-08
2025-04-08 21:02:30 - /calendar_project/public/logout.php
2025-04-08 21:02:30 - /calendar_project/public/login.php
2025-04-08 21:02:40 - /calendar_project/public/login.php
2025-04-08 21:02:42 - /calendar_project/public/register.php
2025-04-08 21:02:50 - /calendar_project/public/register.php
2025-04-08 21:03:03 - /calendar_project/public/login.php
2025-04-08 21:03:10 - /calendar_project/public/login.php
2025-04-08 21:03:10 - /calendar_project/public/index.php
2025-04-08 21:29:35 - /calendar_project/public/index.php
2025-04-08 21:29:36 - /calendar_project/public/index.php
2025-04-08 21:29:39 - /calendar_project/public/logout.php
2025-04-08 21:29:39 - /calendar_project/public/login.php
2025-04-08 21:29:41 - /calendar_project/public/register.php
2025-04-08 21:30:02 - /calendar_project/public/register.php
2025-04-08 21:30:26 - /calendar_project/public/register.php
2025-04-08 21:30:29 - /calendar_project/public/login.php
2025-04-08 21:30:37 - /calendar_project/public/login.php
2025-04-08 21:30:41 - /calendar_project/public/register.php
2025-04-08 21:30:55 - /calendar_project/public/register.php
2025-04-08 21:34:40 - /calendar_project/public/register.php
2025-04-08 21:34:52 - /calendar_project/public/register.php
2025-04-08 21:34:59 - /calendar_project/public/login.php
2025-04-08 21:35:15 - /calendar_project/public/login.php
2025-04-08 21:35:24 - /calendar_project/public/login.php
2025-04-08 21:35:24 - /calendar_project/public/index.php
2025-04-08 21:35:30 - /calendar_project/public/index.php?action=show_services&slot=8%3A00&month=04&year=2025&selected_date=2025-04-08
2025-04-08 21:35:32 - /calendar_project/public/index.php?action=book_service&service_id=1&slot=8%3A00&month=04&year=2025&selected_date=2025-04-08
2025-04-08 21:35:37 - /calendar_project/public/index.php?selected_date=2025-04-08
2025-04-08 21:35:37 - /calendar_project/public/index.php?selected_date=2025-04-08
2025-04-08 21:35:42 - /calendar_project/public/logout.php
2025-04-08 21:35:42 - /calendar_project/public/login.php
2025-04-08 21:35:44 - /calendar_project/public/register.php
2025-04-08 21:35:59 - /calendar_project/public/register.php
2025-04-08 21:36:00 - /calendar_project/public/login.php
2025-04-08 21:36:08 - /calendar_project/public/login.php
2025-04-08 21:36:08 - /calendar_project/public/index.php
2025-04-08 21:36:14 - /calendar_project/public/index.php?action=show_services&slot=8%3A30&month=04&year=2025&selected_date=2025-04-08
2025-04-08 21:36:17 - /calendar_project/public/index.php?action=book_service&service_id=1&slot=8%3A30&month=04&year=2025&selected_date=2025-04-08
2025-04-08 21:36:22 - /calendar_project/public/index.php?selected_date=2025-04-08
2025-04-08 21:36:22 - /calendar_project/public/index.php?selected_date=2025-04-08
2025-04-08 21:40:40 - /calendar_project/public/index.php?action=show_services&slot=16%3A00&month=04&year=2025&selected_date=2025-04-08
2025-04-08 21:40:44 - /calendar_project/public/index.php?action=book_service&service_id=3&slot=16%3A00&month=04&year=2025&selected_date=2025-04-08
2025-04-08 21:40:52 - /calendar_project/public/index.php?selected_date=2025-04-08
2025-04-08 21:40:52 - /calendar_project/public/index.php?selected_date=2025-04-08
2025-04-08 21:41:43 - /calendar_project/public/index.php?action=cancel_booking&booking_id=25&month=04&year=2025&selected_date=2025-04-08
2025-04-08 21:41:43 - /calendar_project/public/index.php?selected_date=2025-04-08
2025-04-08 21:42:04 - /calendar_project/public/index.php?month=5&year=2025&selected_date=2025-04-08
