2025-04-08 17:53:03 - /calendar_project/admin/
2025-04-08 17:53:30 - /calendar_project/admin/
2025-04-08 17:53:41 - /calendar_project/admin/edit.php?id=19
2025-04-08 19:03:02 - /calendar_project/admin/index.php
2025-04-08 20:21:28 - /calendar_project/admin/index.php
2025-04-08 20:21:28 - /calendar_project/admin/login.php
2025-04-08 20:22:22 - /calendar_project/admin/login.php
2025-04-08 20:22:22 - /calendar_project/admin/index.php
2025-04-08 21:02:13 - /calendar_project/admin/index.php
2025-04-08 21:02:13 - /calendar_project/admin/login.php
2025-04-08 21:02:20 - /calendar_project/admin/login.php
2025-04-08 21:02:20 - /calendar_project/admin/index.php
2025-04-08 21:36:28 - /calendar_project/admin/index.php
2025-04-08 21:36:28 - /calendar_project/admin/login.php
2025-04-08 21:36:37 - /calendar_project/admin/login.php
2025-04-08 21:36:37 - /calendar_project/admin/index.php
2025-04-08 21:41:01 - /calendar_project/admin/index.php
2025-04-09 07:56:27 - /calendar_project/admin/index.php
2025-04-09 07:56:27 - /calendar_project/admin/login.php
2025-04-09 07:56:37 - /calendar_project/admin/login.php
2025-04-09 07:56:37 - /calendar_project/admin/index.php
2025-04-09 07:58:22 - /calendar_project/admin/index.php
2025-04-09 07:58:22 - /calendar_project/admin/login.php
2025-04-09 07:58:31 - /calendar_project/admin/login.php
2025-04-09 07:58:31 - /calendar_project/admin/index.php
2025-04-09 07:58:47 - /calendar_project/admin/edit.php?id=28
2025-04-09 07:59:13 - /calendar_project/admin/edit.php?id=28
2025-04-09 07:59:13 - /calendar_project/admin/index.php
2025-04-09 09:46:38 - /calendar_project/admin/index.php
2025-04-09 09:46:38 - /calendar_project/admin/login.php
2025-04-09 09:46:44 - /calendar_project/admin/login.php
2025-04-09 09:46:44 - /calendar_project/admin/index.php
2025-04-09 09:57:14 - /calendar_project/admin/edit.php?id=22
2025-04-09 09:57:14 - /calendar_project/admin/login.php
2025-04-09 09:57:22 - /calendar_project/admin/login.php
2025-04-09 09:57:22 - /calendar_project/admin/index.php
2025-04-09 09:57:24 - /calendar_project/admin/edit.php?id=22
2025-04-09 09:57:39 - /calendar_project/admin/edit.php?id=22
2025-04-09 09:57:39 - /calendar_project/admin/index.php
2025-04-09 09:59:49 - /calendar_project/admin/index.php
2025-04-09 09:59:51 - /calendar_project/admin/index.php
2025-04-09 10:06:12 - /calendar_project/admin/index.php
2025-04-09 10:06:14 - /calendar_project/admin/index.php
2025-04-09 10:06:39 - /calendar_project/admin/logout.php
2025-04-09 10:06:39 - /calendar_project/admin/login.php
2025-04-09 10:06:46 - /calendar_project/admin/login.php
2025-04-09 10:06:46 - /calendar_project/admin/index.php
2025-04-09 10:06:59 - /calendar_project/admin/edit.php?id=23
2025-04-09 15:52:32 - /calendar_project/admin/edit.php?id=23
2025-04-09 15:52:32 - /calendar_project/admin/login.php
2025-04-09 15:52:40 - /calendar_project/admin/login.php
2025-04-09 15:52:40 - /calendar_project/admin/index.php
2025-04-09 16:03:22 - /calendar_project/admin/index.php
2025-04-10 12:18:37 - /calendar_project/admin/index.php
2025-04-10 12:19:58 - /calendar_project/admin/index.php
2025-04-15 10:37:52 - /calendar_project2/admin/
2025-04-15 10:37:52 - /calendar_project2/admin/login.php
2025-04-15 10:37:59 - /calendar_project2/admin/login.php
2025-04-15 10:37:59 - /calendar_project2/admin/index.php
2025-04-15 16:31:35 - /calendar_project2/admin/index.php
2025-04-15 16:31:35 - /calendar_project2/admin/login.php
2025-04-15 16:31:48 - /calendar_project2/admin/login.php
2025-04-15 16:31:48 - /calendar_project2/admin/index.php
2025-04-15 16:34:46 - /calendar_project2/admin/index.php
2025-04-15 16:36:00 - /calendar_project2/admin/index.php
2025-04-15 16:37:05 - /calendar_project2/admin/index.php
2025-04-15 16:37:06 - /calendar_project2/admin/index.php
2025-04-15 16:37:35 - /calendar_project2/admin/edit.php?id=34
2025-04-15 16:37:44 - /calendar_project2/admin/index.php
2025-04-15 16:39:15 - /calendar_project2/admin/index.php
2025-04-15 16:39:17 - /calendar_project2/admin/index.php
2025-04-15 16:39:18 - /calendar_project2/admin/logout.php
2025-04-15 16:39:18 - /calendar_project2/admin/login.php
2025-04-15 16:39:27 - /calendar_project2/admin/login.php
2025-04-15 16:39:27 - /calendar_project2/admin/index.php
2025-04-15 16:40:38 - /calendar_project2/admin/index.php
2025-04-15 16:40:39 - /calendar_project2/admin/index.php
2025-04-15 16:40:51 - /calendar_project2/admin/index.php
2025-04-15 16:40:54 - /calendar_project2/admin/index.php
2025-04-15 16:40:57 - /calendar_project2/admin/logout.php
2025-04-15 16:40:57 - /calendar_project2/admin/login.php
2025-04-15 16:41:12 - /calendar_project2/admin/login.php
2025-04-15 16:41:12 - /calendar_project2/admin/index.php
2025-04-15 16:41:29 - /calendar_project2/admin/edit.php?id=34
2025-04-15 17:25:21 - /calendar_project2/admin/edit.php?id=34
2025-04-15 17:25:24 - /calendar_project2/admin/index.php
2025-04-15 17:25:35 - /calendar_project2/admin/edit.php?id=34
2025-04-15 17:28:21 - /calendar_project2/admin/index.php
2025-04-15 19:48:04 - /calendar_project2/admin/index.php
2025-04-15 19:48:04 - /calendar_project2/admin/login.php
2025-04-15 19:49:50 - /calendar_project2/admin/login.php
2025-04-15 19:49:50 - /calendar_project2/admin/index.php
2025-04-15 19:50:25 - /calendar_project2/admin/index.php
2025-04-15 19:50:25 - /calendar_project2/admin/login.php
2025-04-15 19:50:36 - /calendar_project2/admin/login.php
2025-04-15 19:50:36 - /calendar_project2/admin/index.php
2025-04-15 20:07:59 - /calendar_project2/admin/login.php
2025-04-15 20:08:11 - /calendar_project2/admin/login.php
2025-04-15 20:08:11 - /calendar_project2/admin/index.php
2025-04-15 20:08:13 - /calendar_project2/admin/login.php
